<?xml version="1.0" encoding="UTF-8"?>
<testsuite xmlns:xsi="http://www.w3.org/2001/XMLSchema-instance" xsi:noNamespaceSchemaLocation="https://maven.apache.org/surefire/maven-surefire-plugin/xsd/surefire-test-report.xsd" version="3.0.2" name="AuthTests" time="2.273" tests="12" errors="0" skipped="0" failures="0">
  <properties>
[...]
</properties>
  <testcase name="testLoginSuccess" classname="AuthTests" time="1.107">
    <system-err><![CDATA[WARNING: A Java agent has been loaded dynamically (/home/reed/.m2/repository/net/bytebuddy/byte-buddy-agent/1.14.1/byte-buddy-agent-1.14.1.jar)
WARNING: If a serviceability tool is in use, please run with -XX:+EnableDynamicAgentLoading to hide this warning
WARNING: If a serviceability tool is not in use, please run with -Djdk.instrument.traceUsage for more information
WARNING: Dynamic loading of agents will be disallowed by default in a future release
]]></system-err>
  </testcase>
  <testcase name="testLoginFail" classname="AuthTests" time="0.429"/>
  <testcase name="testGenJWTAndValidate" classname="AuthTests" time="0.108"/>
  <testcase name="testValidateTokenWithCookie" classname="AuthTests" time="0.157"/>
  <testcase name="testGetUserFromContextWithCookie" classname="AuthTests" time="0.002"/>
  <testcase name="testCreateRandomPassword" classname="AuthTests" time="0.006"/>
  <testcase name="testHashPasswordAndVerify" classname="AuthTests" time="0.435"/>
  <testcase name="testIsUserAdmin" classname="AuthTests" time="0.004"/>
  <testcase name="testIsUserGroup" classname="AuthTests" time="0.002"/>
  <testcase name="testGetUserFromContextWithApiToken" classname="AuthTests" time="0.002"/>
  <testcase name="testGenerateApiToken" classname="AuthTests" time="0.002"/>
  <testcase name="testValidateTokenWithApiToken" classname="AuthTests" time="0.001"/>
</testsuite>